<?xml version="1.0" encoding="UTF-8"?>
<!-- Generated by org.testng.reporters.JUnitXMLReporter -->
<testsuite ignored="0" hostname="DESKTOP-O5L6OUE" failures="0" tests="2" name="chromeTest" time="14.339" errors="0" timestamp="2025-06-03T16:07:58 IST">
  <testcase classname="testCases.TC001_AccountRegistrationTest" name="verify_account_registrartion" time="3.526"/>
  <testcase classname="testCases.TC002_AccountLoginTest" name="verify_Account_Login" time="2.934"/>
</testsuite> <!-- chromeTest -->
