<?xml version="1.0" encoding="UTF-8"?>
<testng-results ignored="0" total="2" passed="2" failed="0" skipped="0">
  <reporter-output>
  </reporter-output>
  <suite started-at="2025-06-04T11:53:58 IST" name="SuiteExample" finished-at="2025-06-04T11:54:33 IST" duration-ms="35721">
    <groups>
    </groups>
    <test started-at="2025-06-04T11:53:58 IST" name="chromeTest" finished-at="2025-06-04T11:54:33 IST" duration-ms="35721">
      <class name="testCases.TC001_AccountRegistrationTest">
        <test-method is-config="true" signature="stepup(java.lang.String,java.lang.String)[pri:0, instance:testCases.TC001_AccountRegistrationTest@4b3c354a]" started-at="2025-06-04T11:53:58 IST" name="stepup" finished-at="2025-06-04T11:54:17 IST" duration-ms="18824" status="PASS">
          <params>
            <param index="0">
              <value>
                <![CDATA[windows]]>
              </value>
            </param>
            <param index="1">
              <value>
                <![CDATA[edge]]>
              </value>
            </param>
          </params>
          <reporter-output>
          </reporter-output>
        </test-method> <!-- stepup -->
        <test-method signature="verify_account_registrartion()[pri:0, instance:testCases.TC001_AccountRegistrationTest@4b3c354a]" started-at="2025-06-04T11:54:17 IST" name="verify_account_registrartion" finished-at="2025-06-04T11:54:21 IST" duration-ms="4454" status="PASS">
          <reporter-output>
          </reporter-output>
        </test-method> <!-- verify_account_registrartion -->
        <test-method is-config="true" signature="teardown()[pri:0, instance:testCases.TC001_AccountRegistrationTest@4b3c354a]" started-at="2025-06-04T11:54:21 IST" name="teardown" finished-at="2025-06-04T11:54:23 IST" duration-ms="1489" status="PASS">
          <reporter-output>
          </reporter-output>
        </test-method> <!-- teardown -->
      </class> <!-- testCases.TC001_AccountRegistrationTest -->
      <class name="testCases.TC002_AccountLoginTest">
        <test-method is-config="true" signature="stepup(java.lang.String,java.lang.String)[pri:0, instance:testCases.TC002_AccountLoginTest@2611b9a3]" started-at="2025-06-04T11:54:23 IST" name="stepup" finished-at="2025-06-04T11:54:29 IST" duration-ms="6525" status="PASS">
          <params>
            <param index="0">
              <value>
                <![CDATA[windows]]>
              </value>
            </param>
            <param index="1">
              <value>
                <![CDATA[edge]]>
              </value>
            </param>
          </params>
          <reporter-output>
          </reporter-output>
        </test-method> <!-- stepup -->
        <test-method signature="verify_Account_Login()[pri:0, instance:testCases.TC002_AccountLoginTest@2611b9a3]" started-at="2025-06-04T11:54:29 IST" name="verify_Account_Login" finished-at="2025-06-04T11:54:32 IST" duration-ms="2641" status="PASS">
          <reporter-output>
          </reporter-output>
        </test-method> <!-- verify_Account_Login -->
        <test-method is-config="true" signature="teardown()[pri:0, instance:testCases.TC002_AccountLoginTest@2611b9a3]" started-at="2025-06-04T11:54:32 IST" name="teardown" finished-at="2025-06-04T11:54:33 IST" duration-ms="1418" status="PASS">
          <reporter-output>
          </reporter-output>
        </test-method> <!-- teardown -->
      </class> <!-- testCases.TC002_AccountLoginTest -->
    </test> <!-- chromeTest -->
  </suite> <!-- SuiteExample -->
</testng-results>
