<?xml version="1.0" encoding="UTF-8"?>
<testng-results ignored="0" total="2" passed="2" failed="0" skipped="0">
  <reporter-output>
  </reporter-output>
  <suite started-at="2025-06-03T16:07:42 IST" name="SuiteExample" finished-at="2025-06-03T16:07:57 IST" duration-ms="14339">
    <groups>
    </groups>
    <test started-at="2025-06-03T16:07:42 IST" name="chromeTest" finished-at="2025-06-03T16:07:57 IST" duration-ms="14339">
      <class name="testCases.TC001_AccountRegistrationTest">
        <test-method is-config="true" signature="stepup(java.lang.String,java.lang.String)[pri:0, instance:testCases.TC001_AccountRegistrationTest@3da30852]" started-at="2025-06-03T16:07:43 IST" name="stepup" finished-at="2025-06-03T16:07:47 IST" duration-ms="3843" status="PASS">
          <params>
            <param index="0">
              <value>
                <![CDATA[windows]]>
              </value>
            </param>
            <param index="1">
              <value>
                <![CDATA[chrome]]>
              </value>
            </param>
          </params>
          <reporter-output>
          </reporter-output>
        </test-method> <!-- stepup -->
        <test-method signature="verify_account_registrartion()[pri:0, instance:testCases.TC001_AccountRegistrationTest@3da30852]" started-at="2025-06-03T16:07:47 IST" name="verify_account_registrartion" finished-at="2025-06-03T16:07:50 IST" duration-ms="3526" status="PASS">
          <reporter-output>
          </reporter-output>
        </test-method> <!-- verify_account_registrartion -->
        <test-method is-config="true" signature="teardown()[pri:0, instance:testCases.TC001_AccountRegistrationTest@3da30852]" started-at="2025-06-03T16:07:50 IST" name="teardown" finished-at="2025-06-03T16:07:51 IST" duration-ms="379" status="PASS">
          <reporter-output>
          </reporter-output>
        </test-method> <!-- teardown -->
      </class> <!-- testCases.TC001_AccountRegistrationTest -->
      <class name="testCases.TC002_AccountLoginTest">
        <test-method is-config="true" signature="stepup(java.lang.String,java.lang.String)[pri:0, instance:testCases.TC002_AccountLoginTest@77825085]" started-at="2025-06-03T16:07:51 IST" name="stepup" finished-at="2025-06-03T16:07:53 IST" duration-ms="2916" status="PASS">
          <params>
            <param index="0">
              <value>
                <![CDATA[windows]]>
              </value>
            </param>
            <param index="1">
              <value>
                <![CDATA[chrome]]>
              </value>
            </param>
          </params>
          <reporter-output>
          </reporter-output>
        </test-method> <!-- stepup -->
        <test-method signature="verify_Account_Login()[pri:0, instance:testCases.TC002_AccountLoginTest@77825085]" started-at="2025-06-03T16:07:53 IST" name="verify_Account_Login" finished-at="2025-06-03T16:07:56 IST" duration-ms="2934" status="PASS">
          <reporter-output>
          </reporter-output>
        </test-method> <!-- verify_Account_Login -->
        <test-method is-config="true" signature="teardown()[pri:0, instance:testCases.TC002_AccountLoginTest@77825085]" started-at="2025-06-03T16:07:56 IST" name="teardown" finished-at="2025-06-03T16:07:57 IST" duration-ms="300" status="PASS">
          <reporter-output>
          </reporter-output>
        </test-method> <!-- teardown -->
      </class> <!-- testCases.TC002_AccountLoginTest -->
    </test> <!-- chromeTest -->
  </suite> <!-- SuiteExample -->
</testng-results>
